# JRE version: Java(TM) SE Runtime Environment (8.0_281-b09) (build 1.8.0_281-b09)
# Java VM: Java HotSpot(TM) 64-Bit Server VM (25.281-b09 mixed mode windows-amd64 compressed oops)
Heap:
 PSYoungGen      total 47616K, used 47615K [0x000000078b400000, 0x0000000791100000, 0x00000007c0000000)
  eden space 40960K, 100% used [0x000000078b400000,0x000000078dc00000,0x000000078dc00000)
  from space 6656K, 99% used [0x000000078dc00000,0x000000078e27fed8,0x000000078e280000)
  to   space 6656K, 86% used [0x0000000790a80000,0x000000079101a028,0x0000000791100000)
 ParOldGen       total 109568K, used 2441K [0x0000000721c00000, 0x0000000728700000, 0x000000078b400000)
  object space 109568K, 2% used [0x0000000721c00000,0x0000000721e62620,0x0000000728700000)
 Metaspace       used 19429K, capacity 20330K, committed 20480K, reserved 1067008K
  class space    used 2529K, capacity 2735K, committed 2816K, reserved 1048576K
GC Heap History (7 events):
Event: 1.583 GC heap before
{Heap before GC invocations=1 (full 0):
 PSYoungGen      total 47616K, used 40960K [0x000000078b400000, 0x000000078e900000, 0x00000007c0000000)
  eden space 40960K, 100% used [0x000000078b400000,0x000000078dc00000,0x000000078dc00000)
  from space 6656K, 0% used [0x000000078e280000,0x000000078e280000,0x000000078e900000)
  to   space 6656K, 0% used [0x000000078dc00000,0x000000078dc00000,0x000000078e280000)
 ParOldGen       total 109568K, used 0K [0x0000000721c00000, 0x0000000728700000, 0x000000078b400000)
  object space 109568K, 0% used [0x0000000721c00000,0x0000000721c00000,0x0000000728700000)
 Metaspace       used 11355K, capacity 11602K, committed 11776K, reserved 1058816K
  class space    used 1407K, capacity 1483K, committed 1536K, reserved 1048576K
Event: 1.590 GC heap after
Heap after GC invocations=1 (full 0):
 PSYoungGen      total 47616K, used 4939K [0x000000078b400000, 0x000000078e900000, 0x00000007c0000000)
  eden space 40960K, 0% used [0x000000078b400000,0x000000078b400000,0x000000078dc00000)
  from space 6656K, 74% used [0x000000078dc00000,0x000000078e0d2d78,0x000000078e280000)
  to   space 6656K, 0% used [0x000000078e280000,0x000000078e280000,0x000000078e900000)
 ParOldGen       total 109568K, used 16K [0x0000000721c00000, 0x0000000728700000, 0x000000078b400000)
  object space 109568K, 0% used [0x0000000721c00000,0x0000000721c04000,0x0000000728700000)
 Metaspace       used 11355K, capacity 11602K, committed 11776K, reserved 1058816K
  class space    used 1407K, capacity 1483K, committed 1536K, reserved 1048576K
}
Event: 2.255 GC heap before
{Heap before GC invocations=2 (full 0):
 PSYoungGen      total 47616K, used 45899K [0x000000078b400000, 0x000000078e900000, 0x00000007c0000000)
  eden space 40960K, 100% used [0x000000078b400000,0x000000078dc00000,0x000000078dc00000)
  from space 6656K, 74% used [0x000000078dc00000,0x000000078e0d2d78,0x000000078e280000)
  to   space 6656K, 0% used [0x000000078e280000,0x000000078e280000,0x000000078e900000)
 ParOldGen       total 109568K, used 16K [0x0000000721c00000, 0x0000000728700000, 0x000000078b400000)
  object space 109568K, 0% used [0x0000000721c00000,0x0000000721c04000,0x0000000728700000)
 Metaspace       used 15678K, capacity 16418K, committed 16640K, reserved 1062912K
  class space    used 2037K, capacity 2197K, committed 2304K, reserved 1048576K
Event: 2.287 GC heap after
Heap after GC invocations=2 (full 0):
 PSYoungGen      total 47616K, used 6637K [0x000000078b400000, 0x0000000791100000, 0x00000007c0000000)
  eden space 40960K, 0% used [0x000000078b400000,0x000000078b400000,0x000000078dc00000)
  from space 6656K, 99% used [0x000000078e280000,0x000000078e8fb718,0x000000078e900000)
  to   space 6656K, 0% used [0x000000078dc00000,0x000000078dc00000,0x000000078e280000)
 ParOldGen       total 109568K, used 544K [0x0000000721c00000, 0x0000000728700000, 0x000000078b400000)
  object space 109568K, 0% used [0x0000000721c00000,0x0000000721c88188,0x0000000728700000)
 Metaspace       used 15678K, capacity 16418K, committed 16640K, reserved 1062912K
  class space    used 2037K, capacity 2197K, committed 2304K, reserved 1048576K
}
Event: 2.933 GC heap before
{Heap before GC invocations=3 (full 0):
 PSYoungGen      total 47616K, used 47597K [0x000000078b400000, 0x0000000791100000, 0x00000007c0000000)
  eden space 40960K, 100% used [0x000000078b400000,0x000000078dc00000,0x000000078dc00000)
  from space 6656K, 99% used [0x000000078e280000,0x000000078e8fb718,0x000000078e900000)
  to   space 6656K, 0% used [0x000000078dc00000,0x000000078dc00000,0x000000078e280000)
 ParOldGen       total 109568K, used 544K [0x0000000721c00000, 0x0000000728700000, 0x000000078b400000)
  object space 109568K, 0% used [0x0000000721c00000,0x0000000721c88188,0x0000000728700000)
 Metaspace       used 19059K, capacity 19978K, committed 20224K, reserved 1067008K
  class space    used 2499K, capacity 2703K, committed 2816K, reserved 1048576K
Event: 3.003 GC heap after
Heap after GC invocations=3 (full 0):
 PSYoungGen      total 47616K, used 6655K [0x000000078b400000, 0x0000000791100000, 0x00000007c0000000)
  eden space 40960K, 0% used [0x000000078b400000,0x000000078b400000,0x000000078dc00000)
  from space 6656K, 99% used [0x000000078dc00000,0x000000078e27fed8,0x000000078e280000)
  to   space 6656K, 0% used [0x0000000790a80000,0x0000000790a80000,0x0000000791100000)
 ParOldGen       total 109568K, used 2433K [0x0000000721c00000, 0x0000000728700000, 0x000000078b400000)
  object space 109568K, 2% used [0x0000000721c00000,0x0000000721e60620,0x0000000728700000)
 Metaspace       used 19059K, capacity 19978K, committed 20224K, reserved 1067008K
  class space    used 2499K, capacity 2703K, committed 2816K, reserved 1048576K
}
Event: 3.107 GC heap before
{Heap before GC invocations=4 (full 0):
 PSYoungGen      total 47616K, used 47615K [0x000000078b400000, 0x0000000791100000, 0x00000007c0000000)
  eden space 40960K, 100% used [0x000000078b400000,0x000000078dc00000,0x000000078dc00000)
  from space 6656K, 99% used [0x000000078dc00000,0x000000078e27fed8,0x000000078e280000)
  to   space 6656K, 0% used [0x0000000790a80000,0x0000000790a80000,0x0000000791100000)
 ParOldGen       total 109568K, used 2433K [0x0000000721c00000, 0x0000000728700000, 0x000000078b400000)
  object space 109568K, 2% used [0x0000000721c00000,0x0000000721e60620,0x0000000728700000)
 Metaspace       used 19429K, capacity 20330K, committed 20480K, reserved 1067008K
  class space    used 2529K, capacity 2735K, committed 2816K, reserved 1048576K

